
ROM used:   1428/8192 (17%)
            1428/8192 (17%) including unused fragments

            1.2 Average locations per line
            10.2 Average locations per statement

RAM used:   28/368 (8%) at main() level
            41/368 (11%) worst case

Stack used: 5 worst case (5 in main + 0 for interrupts)
Stack size: 8

Lines Stmts  %   Files
----- ----- ---  -----
   65    40  29  main.c
    5     0   0  main.h
  708     0   0  C:\Program Files (x86)\PICC\Devices\16F877A.h
  456   100  71  C:\Program Files (x86)\PICC\Drivers\lcd.c
----- -----
 1234   140 Total

Page ROM  %  RAM    Vol Diff  Functions:
---- --- --- ---    --- ----  ----------
0     21   1    1             @delay_ms1
 Inline         3    760  4.5  lcd_read_byte
0     49   3    2    262  3.7  lcd_read_nibble
0     47   3    1    399  2.4  lcd_send_nibble
0    104   7    3    415  3.7  lcd_send_byte
0     76   5    6    852  6.2  lcd_init
0     18   1    4    208  6.3  lcd_gotoxy
0     44   3    1    354  4.7  lcd_putc
0    282  20    9    817  7.3  ReadCount
 Inline         4             @DTOF
 Inline        13             @MULFF
 Inline         5             @FTOSD
0    312  22   12    730  4.3  MAIN
0      5   0    0             @const762
0     88   6    4             @PSTRINGC7_728
0     79   6   13             @DIV3232
0     11   1    0             @const771
0     89   6    5             @PSTRINGCN7_728
0     21   1    3             @DIV88
0     87   6    6             @PRINTF_D_728
0     91   6    6             @PRINTF_D_9600_62_63
 Inline         0             @cinit1

Program metrics:
    Functions               9
    Statements              140
    Comments                224
    Volume (V)              7349
    Difficulty (D)          41.0
    Effort to implement (E) 301668
    Time to implement (T)   4 hours, 39 minutes
    Est Delivered Bugs (B)  1
    Cyclomatic Complexity   10
    Maintainability (MI)    141

 Segment     Used  Free
-----------  ----  ----
00000-00003     4  0  
00004-007FF  1424  620  
00800-00FFF     0  2048  
01000-017FF     0  2048  
01800-01FFF     0  2048  



